{"/home/rajveersingh/WebstormProjects/leave-tracker/functions/src/handlers/users/addUsersThroughChannel/addNewUserThroughChannel/addUserChannelFunction.js": {"path":"/home/rajveersingh/WebstormProjects/leave-tracker/functions/src/handlers/users/addUsersThroughChannel/addNewUserThroughChannel/addUserChannelFunction.js","statementMap":{"0":{"start":{"line":10,"column":14},"end":{"line":10,"column":41}},"1":{"start":{"line":12,"column":20},"end":{"line":14,"column":3}},"2":{"start":{"line":15,"column":27},"end":{"line":15,"column":64}},"3":{"start":{"line":16,"column":2},"end":{"line":47,"column":3}},"4":{"start":{"line":17,"column":18},"end":{"line":17,"column":62}},"5":{"start":{"line":20,"column":17},"end":{"line":20,"column":61}},"6":{"start":{"line":21,"column":22},"end":{"line":21,"column":39}},"7":{"start":{"line":24,"column":28},"end":{"line":24,"column":50}},"8":{"start":{"line":25,"column":4},"end":{"line":46,"column":5}},"9":{"start":{"line":27,"column":31},"end":{"line":27,"column":60}},"10":{"start":{"line":28,"column":6},"end":{"line":45,"column":7}},"11":{"start":{"line":29,"column":21},"end":{"line":29,"column":40}},"12":{"start":{"line":30,"column":21},"end":{"line":30,"column":33}},"13":{"start":{"line":31,"column":8},"end":{"line":31,"column":41}},"14":{"start":{"line":33,"column":26},"end":{"line":43,"column":9}},"15":{"start":{"line":44,"column":8},"end":{"line":44,"column":52}}},"fnMap":{"0":{"name":"addUserChannelFunction","decl":{"start":{"line":11,"column":15},"end":{"line":11,"column":37}},"loc":{"start":{"line":11,"column":64},"end":{"line":48,"column":1}},"line":11}},"branchMap":{"0":{"loc":{"start":{"line":16,"column":2},"end":{"line":47,"column":3}},"type":"if","locations":[{"start":{"line":16,"column":2},"end":{"line":47,"column":3}},{"start":{},"end":{}}],"line":16},"1":{"loc":{"start":{"line":25,"column":4},"end":{"line":46,"column":5}},"type":"if","locations":[{"start":{"line":25,"column":4},"end":{"line":46,"column":5}},{"start":{},"end":{}}],"line":25},"2":{"loc":{"start":{"line":28,"column":6},"end":{"line":45,"column":7}},"type":"if","locations":[{"start":{"line":28,"column":6},"end":{"line":45,"column":7}},{"start":{},"end":{}}],"line":28}},"s":{"0":1,"1":4,"2":4,"3":4,"4":3,"5":3,"6":3,"7":3,"8":3,"9":2,"10":2,"11":1,"12":1,"13":1,"14":1,"15":1},"f":{"0":4},"b":{"0":[3,1],"1":[2,1],"2":[1,1]},"_coverageSchema":"1a1c01bbd47fc00a2c39e90264f33305004495a9","hash":"664c06d2cc493d5cf006d3a37b17fe4c4082120a"}
,"/home/rajveersingh/WebstormProjects/leave-tracker/functions/src/handlers/users/addUsersThroughChannel/usersInChannels/main1.js": {"path":"/home/rajveersingh/WebstormProjects/leave-tracker/functions/src/handlers/users/addUsersThroughChannel/usersInChannels/main1.js","statementMap":{"0":{"start":{"line":7,"column":17},"end":{"line":7,"column":21}},"1":{"start":{"line":9,"column":14},"end":{"line":9,"column":41}},"2":{"start":{"line":11,"column":20},"end":{"line":11,"column":22}},"3":{"start":{"line":12,"column":18},"end":{"line":12,"column":47}},"4":{"start":{"line":13,"column":25},"end":{"line":13,"column":76}},"5":{"start":{"line":14,"column":19},"end":{"line":14,"column":21}},"6":{"start":{"line":15,"column":2},"end":{"line":24,"column":3}},"7":{"start":{"line":17,"column":20},"end":{"line":22,"column":8}},"8":{"start":{"line":18,"column":22},"end":{"line":18,"column":47}},"9":{"start":{"line":21,"column":6},"end":{"line":21,"column":61}},"10":{"start":{"line":23,"column":4},"end":{"line":23,"column":27}},"11":{"start":{"line":25,"column":2},"end":{"line":31,"column":4}},"12":{"start":{"line":27,"column":6},"end":{"line":29,"column":7}},"13":{"start":{"line":28,"column":14},"end":{"line":28,"column":69}},"14":{"start":{"line":28,"column":39},"end":{"line":28,"column":68}}},"fnMap":{"0":{"name":"main1","decl":{"start":{"line":10,"column":15},"end":{"line":10,"column":20}},"loc":{"start":{"line":10,"column":38},"end":{"line":32,"column":1}},"line":10},"1":{"name":"(anonymous_1)","decl":{"start":{"line":17,"column":21},"end":{"line":17,"column":22}},"loc":{"start":{"line":17,"column":33},"end":{"line":22,"column":5}},"line":17},"2":{"name":"(anonymous_2)","decl":{"start":{"line":26,"column":17},"end":{"line":26,"column":18}},"loc":{"start":{"line":27,"column":6},"end":{"line":29,"column":7}},"line":27},"3":{"name":"(anonymous_3)","decl":{"start":{"line":28,"column":8},"end":{"line":28,"column":9}},"loc":{"start":{"line":28,"column":14},"end":{"line":28,"column":69}},"line":28},"4":{"name":"(anonymous_4)","decl":{"start":{"line":28,"column":26},"end":{"line":28,"column":27}},"loc":{"start":{"line":28,"column":39},"end":{"line":28,"column":68}},"line":28}},"branchMap":{},"s":{"0":1,"1":1,"2":2,"3":2,"4":2,"5":2,"6":2,"7":2,"8":2,"9":2,"10":2,"11":2,"12":2,"13":2,"14":2},"f":{"0":2,"1":2,"2":2,"3":2,"4":2},"b":{},"_coverageSchema":"1a1c01bbd47fc00a2c39e90264f33305004495a9","hash":"10a6e8467e2c86ebdc6113fd5eb53c93af8b7003"}
,"/home/rajveersingh/WebstormProjects/leave-tracker/functions/src/handlers/users/addingAllUsers/main3.js": {"path":"/home/rajveersingh/WebstormProjects/leave-tracker/functions/src/handlers/users/addingAllUsers/main3.js","statementMap":{"0":{"start":{"line":9,"column":17},"end":{"line":9,"column":21}},"1":{"start":{"line":12,"column":22},"end":{"line":14,"column":4}},"2":{"start":{"line":15,"column":2},"end":{"line":15,"column":17}},"3":{"start":{"line":18,"column":18},"end":{"line":18,"column":59}},"4":{"start":{"line":19,"column":19},"end":{"line":19,"column":21}},"5":{"start":{"line":20,"column":2},"end":{"line":62,"column":3}},"6":{"start":{"line":21,"column":20},"end":{"line":60,"column":8}},"7":{"start":{"line":22,"column":24},"end":{"line":22,"column":42}},"8":{"start":{"line":24,"column":30},"end":{"line":24,"column":52}},"9":{"start":{"line":26,"column":6},"end":{"line":59,"column":7}},"10":{"start":{"line":27,"column":32},"end":{"line":27,"column":61}},"11":{"start":{"line":29,"column":8},"end":{"line":58,"column":9}},"12":{"start":{"line":30,"column":26},"end":{"line":30,"column":39}},"13":{"start":{"line":31,"column":28},"end":{"line":33,"column":11}},"14":{"start":{"line":35,"column":35},"end":{"line":35,"column":72}},"15":{"start":{"line":36,"column":10},"end":{"line":57,"column":11}},"16":{"start":{"line":37,"column":25},"end":{"line":37,"column":45}},"17":{"start":{"line":38,"column":25},"end":{"line":38,"column":38}},"18":{"start":{"line":40,"column":12},"end":{"line":40,"column":45}},"19":{"start":{"line":43,"column":30},"end":{"line":53,"column":13}},"20":{"start":{"line":54,"column":12},"end":{"line":54,"column":56}},"21":{"start":{"line":56,"column":12},"end":{"line":56,"column":49}},"22":{"start":{"line":61,"column":4},"end":{"line":61,"column":27}},"23":{"start":{"line":64,"column":2},"end":{"line":70,"column":4}},"24":{"start":{"line":66,"column":6},"end":{"line":68,"column":7}},"25":{"start":{"line":67,"column":14},"end":{"line":67,"column":69}},"26":{"start":{"line":67,"column":39},"end":{"line":67,"column":68}}},"fnMap":{"0":{"name":"getAllUsersFromSlack","decl":{"start":{"line":11,"column":15},"end":{"line":11,"column":35}},"loc":{"start":{"line":11,"column":51},"end":{"line":16,"column":1}},"line":11},"1":{"name":"main3","decl":{"start":{"line":17,"column":15},"end":{"line":17,"column":20}},"loc":{"start":{"line":17,"column":43},"end":{"line":71,"column":1}},"line":17},"2":{"name":"(anonymous_2)","decl":{"start":{"line":21,"column":21},"end":{"line":21,"column":22}},"loc":{"start":{"line":21,"column":33},"end":{"line":60,"column":5}},"line":21},"3":{"name":"(anonymous_3)","decl":{"start":{"line":65,"column":17},"end":{"line":65,"column":18}},"loc":{"start":{"line":66,"column":6},"end":{"line":68,"column":7}},"line":66},"4":{"name":"(anonymous_4)","decl":{"start":{"line":67,"column":8},"end":{"line":67,"column":9}},"loc":{"start":{"line":67,"column":14},"end":{"line":67,"column":69}},"line":67},"5":{"name":"(anonymous_5)","decl":{"start":{"line":67,"column":26},"end":{"line":67,"column":27}},"loc":{"start":{"line":67,"column":39},"end":{"line":67,"column":68}},"line":67}},"branchMap":{"0":{"loc":{"start":{"line":26,"column":6},"end":{"line":59,"column":7}},"type":"if","locations":[{"start":{"line":26,"column":6},"end":{"line":59,"column":7}},{"start":{},"end":{}}],"line":26},"1":{"loc":{"start":{"line":29,"column":8},"end":{"line":58,"column":9}},"type":"if","locations":[{"start":{"line":29,"column":8},"end":{"line":58,"column":9}},{"start":{},"end":{}}],"line":29},"2":{"loc":{"start":{"line":36,"column":10},"end":{"line":57,"column":11}},"type":"if","locations":[{"start":{"line":36,"column":10},"end":{"line":57,"column":11}},{"start":{"line":55,"column":17},"end":{"line":57,"column":11}}],"line":36}},"s":{"0":1,"1":4,"2":4,"3":4,"4":4,"5":4,"6":6,"7":6,"8":6,"9":6,"10":5,"11":5,"12":4,"13":4,"14":4,"15":4,"16":2,"17":2,"18":2,"19":2,"20":2,"21":2,"22":6,"23":4,"24":6,"25":6,"26":6},"f":{"0":4,"1":4,"2":6,"3":6,"4":6,"5":6},"b":{"0":[5,1],"1":[4,1],"2":[2,2]},"_coverageSchema":"1a1c01bbd47fc00a2c39e90264f33305004495a9","hash":"39ad5d9e21e07a3c8b69f7740652bbab00f524de"}
,"/home/rajveersingh/WebstormProjects/leave-tracker/functions/src/handlers/users/removedUserChannel/removeMain.js": {"path":"/home/rajveersingh/WebstormProjects/leave-tracker/functions/src/handlers/users/removedUserChannel/removeMain.js","statementMap":{"0":{"start":{"line":7,"column":18},"end":{"line":7,"column":40}},"1":{"start":{"line":9,"column":19},"end":{"line":14,"column":4}},"2":{"start":{"line":16,"column":2},"end":{"line":16,"column":54}},"3":{"start":{"line":20,"column":18},"end":{"line":20,"column":28}},"4":{"start":{"line":21,"column":20},"end":{"line":23,"column":3}},"5":{"start":{"line":24,"column":27},"end":{"line":24,"column":64}},"6":{"start":{"line":25,"column":2},"end":{"line":30,"column":3}},"7":{"start":{"line":26,"column":22},"end":{"line":28,"column":5}},"8":{"start":{"line":29,"column":4},"end":{"line":29,"column":34}}},"fnMap":{"0":{"name":"toDeactivate","decl":{"start":{"line":6,"column":15},"end":{"line":6,"column":27}},"loc":{"start":{"line":6,"column":39},"end":{"line":17,"column":1}},"line":6},"1":{"name":"removeMain","decl":{"start":{"line":19,"column":15},"end":{"line":19,"column":25}},"loc":{"start":{"line":19,"column":33},"end":{"line":31,"column":1}},"line":19}},"branchMap":{"0":{"loc":{"start":{"line":25,"column":2},"end":{"line":30,"column":3}},"type":"if","locations":[{"start":{"line":25,"column":2},"end":{"line":30,"column":3}},{"start":{},"end":{}}],"line":25}},"s":{"0":1,"1":1,"2":1,"3":2,"4":2,"5":2,"6":2,"7":1,"8":1},"f":{"0":1,"1":2},"b":{"0":[1,1]},"_coverageSchema":"1a1c01bbd47fc00a2c39e90264f33305004495a9","hash":"fc41f39329e551f71619ad873a7d6d0a2e41f5dc"}
,"/home/rajveersingh/WebstormProjects/leave-tracker/functions/src/queries/config.js": {"path":"/home/rajveersingh/WebstormProjects/leave-tracker/functions/src/queries/config.js","statementMap":{"0":{"start":{"line":1,"column":37},"end":{"line":7,"column":1}},"1":{"start":{"line":9,"column":22},"end":{"line":15,"column":1}},"2":{"start":{"line":17,"column":27},"end":{"line":23,"column":1}}},"fnMap":{},"branchMap":{},"s":{"0":3,"1":3,"2":3},"f":{},"b":{},"_coverageSchema":"1a1c01bbd47fc00a2c39e90264f33305004495a9","hash":"5aa173d3738a4f6c035a3056cc8a23292a4ee575"}
,"/home/rajveersingh/WebstormProjects/leave-tracker/functions/src/queries/users.js": {"path":"/home/rajveersingh/WebstormProjects/leave-tracker/functions/src/queries/users.js","statementMap":{"0":{"start":{"line":1,"column":27},"end":{"line":11,"column":1}},"1":{"start":{"line":13,"column":30},"end":{"line":24,"column":1}},"2":{"start":{"line":25,"column":49},"end":{"line":32,"column":1}}},"fnMap":{},"branchMap":{},"s":{"0":4,"1":4,"2":4},"f":{},"b":{},"_coverageSchema":"1a1c01bbd47fc00a2c39e90264f33305004495a9","hash":"a21eaaeecc98416fd5c5ff0b0067aa25e6c73e18"}
,"/home/rajveersingh/WebstormProjects/leave-tracker/functions/src/utils/helper.js": {"path":"/home/rajveersingh/WebstormProjects/leave-tracker/functions/src/utils/helper.js","statementMap":{"0":{"start":{"line":16,"column":0},"end":{"line":16,"column":46}},"1":{"start":{"line":19,"column":12},"end":{"line":19,"column":53}},"2":{"start":{"line":21,"column":23},"end":{"line":62,"column":1}},"3":{"start":{"line":22,"column":20},"end":{"line":27,"column":3}},"4":{"start":{"line":29,"column":17},"end":{"line":54,"column":3}},"5":{"start":{"line":56,"column":2},"end":{"line":61,"column":3}},"6":{"start":{"line":57,"column":17},"end":{"line":57,"column":69}},"7":{"start":{"line":58,"column":4},"end":{"line":58,"column":69}},"8":{"start":{"line":60,"column":4},"end":{"line":60,"column":14}},"9":{"start":{"line":65,"column":15},"end":{"line":65,"column":103}},"10":{"start":{"line":66,"column":2},"end":{"line":66,"column":26}},"11":{"start":{"line":67,"column":2},"end":{"line":70,"column":5}},"12":{"start":{"line":73,"column":18},"end":{"line":73,"column":40}},"13":{"start":{"line":74,"column":19},"end":{"line":79,"column":4}},"14":{"start":{"line":80,"column":17},"end":{"line":80,"column":52}},"15":{"start":{"line":81,"column":19},"end":{"line":81,"column":54}},"16":{"start":{"line":82,"column":25},"end":{"line":82,"column":60}},"17":{"start":{"line":83,"column":25},"end":{"line":83,"column":60}},"18":{"start":{"line":84,"column":2},"end":{"line":84,"column":46}},"19":{"start":{"line":85,"column":2},"end":{"line":85,"column":51}},"20":{"start":{"line":86,"column":2},"end":{"line":86,"column":36}},"21":{"start":{"line":90,"column":2},"end":{"line":93,"column":5}},"22":{"start":{"line":97,"column":18},"end":{"line":97,"column":40}},"23":{"start":{"line":98,"column":19},"end":{"line":103,"column":4}},"24":{"start":{"line":104,"column":2},"end":{"line":104,"column":49}},"25":{"start":{"line":108,"column":18},"end":{"line":108,"column":40}},"26":{"start":{"line":109,"column":19},"end":{"line":115,"column":4}},"27":{"start":{"line":117,"column":2},"end":{"line":117,"column":51}},"28":{"start":{"line":121,"column":2},"end":{"line":123,"column":3}},"29":{"start":{"line":122,"column":4},"end":{"line":122,"column":19}},"30":{"start":{"line":124,"column":2},"end":{"line":124,"column":15}},"31":{"start":{"line":128,"column":18},"end":{"line":128,"column":40}},"32":{"start":{"line":130,"column":19},"end":{"line":135,"column":4}},"33":{"start":{"line":136,"column":17},"end":{"line":136,"column":44}},"34":{"start":{"line":137,"column":2},"end":{"line":137,"column":30}},"35":{"start":{"line":141,"column":15},"end":{"line":141,"column":34}},"36":{"start":{"line":142,"column":2},"end":{"line":142,"column":32}},"37":{"start":{"line":144,"column":20},"end":{"line":144,"column":22}},"38":{"start":{"line":145,"column":23},"end":{"line":145,"column":51}},"39":{"start":{"line":146,"column":2},"end":{"line":146,"column":22}},"40":{"start":{"line":147,"column":2},"end":{"line":147,"column":28}},"41":{"start":{"line":148,"column":2},"end":{"line":148,"column":33}},"42":{"start":{"line":152,"column":2},"end":{"line":154,"column":4}},"43":{"start":{"line":158,"column":18},"end":{"line":158,"column":40}},"44":{"start":{"line":160,"column":19},"end":{"line":165,"column":4}},"45":{"start":{"line":166,"column":2},"end":{"line":166,"column":47}},"46":{"start":{"line":170,"column":2},"end":{"line":173,"column":5}}},"fnMap":{"0":{"name":"(anonymous_0)","decl":{"start":{"line":21,"column":23},"end":{"line":21,"column":24}},"loc":{"start":{"line":21,"column":65},"end":{"line":62,"column":1}},"line":21},"1":{"name":"successMessage","decl":{"start":{"line":64,"column":15},"end":{"line":64,"column":29}},"loc":{"start":{"line":64,"column":53},"end":{"line":71,"column":1}},"line":64},"2":{"name":"toAddData","decl":{"start":{"line":72,"column":15},"end":{"line":72,"column":24}},"loc":{"start":{"line":72,"column":53},"end":{"line":87,"column":1}},"line":72},"3":{"name":"getAllUserFromChannel","decl":{"start":{"line":89,"column":15},"end":{"line":89,"column":36}},"loc":{"start":{"line":89,"column":63},"end":{"line":94,"column":1}},"line":89},"4":{"name":"isSyncRestricted","decl":{"start":{"line":96,"column":15},"end":{"line":96,"column":31}},"loc":{"start":{"line":96,"column":43},"end":{"line":105,"column":1}},"line":96},"5":{"name":"memberNotPresentInDB","decl":{"start":{"line":107,"column":15},"end":{"line":107,"column":35}},"loc":{"start":{"line":107,"column":47},"end":{"line":118,"column":1}},"line":107},"6":{"name":"setRegion","decl":{"start":{"line":120,"column":15},"end":{"line":120,"column":24}},"loc":{"start":{"line":120,"column":33},"end":{"line":125,"column":1}},"line":120},"7":{"name":"toGetDomain","decl":{"start":{"line":127,"column":15},"end":{"line":127,"column":26}},"loc":{"start":{"line":127,"column":38},"end":{"line":138,"column":1}},"line":127},"8":{"name":"toValidateDomain","decl":{"start":{"line":140,"column":15},"end":{"line":140,"column":31}},"loc":{"start":{"line":140,"column":39},"end":{"line":149,"column":1}},"line":140},"9":{"name":"validMail","decl":{"start":{"line":151,"column":15},"end":{"line":151,"column":24}},"loc":{"start":{"line":151,"column":31},"end":{"line":155,"column":1}},"line":151},"10":{"name":"toGetChannel","decl":{"start":{"line":157,"column":15},"end":{"line":157,"column":27}},"loc":{"start":{"line":157,"column":39},"end":{"line":167,"column":1}},"line":157},"11":{"name":"getAllUserInfo","decl":{"start":{"line":169,"column":15},"end":{"line":169,"column":29}},"loc":{"start":{"line":169,"column":54},"end":{"line":174,"column":1}},"line":169}},"branchMap":{"0":{"loc":{"start":{"line":121,"column":2},"end":{"line":123,"column":3}},"type":"if","locations":[{"start":{"line":121,"column":2},"end":{"line":123,"column":3}},{"start":{},"end":{}}],"line":121}},"s":{"0":3,"1":3,"2":3,"3":3,"4":3,"5":3,"6":3,"7":2,"8":1,"9":3,"10":3,"11":3,"12":2,"13":2,"14":1,"15":1,"16":1,"17":1,"18":1,"19":1,"20":1,"21":2,"22":3,"23":3,"24":1,"25":1,"26":1,"27":1,"28":2,"29":1,"30":1,"31":4,"32":4,"33":3,"34":3,"35":2,"36":2,"37":2,"38":2,"39":2,"40":2,"41":2,"42":2,"43":2,"44":2,"45":1,"46":2},"f":{"0":3,"1":3,"2":2,"3":2,"4":3,"5":1,"6":2,"7":4,"8":2,"9":2,"10":2,"11":2},"b":{"0":[1,1]},"_coverageSchema":"1a1c01bbd47fc00a2c39e90264f33305004495a9","hash":"c9e5590d2b477a8f43b0cd814ce0e4b5ff2864a4"}
,"/home/rajveersingh/WebstormProjects/leave-tracker/functions/src/utils/synSQSinit.js": {"path":"/home/rajveersingh/WebstormProjects/leave-tracker/functions/src/utils/synSQSinit.js","statementMap":{"0":{"start":{"line":3,"column":25},"end":{"line":11,"column":2}}},"fnMap":{},"branchMap":{},"s":{"0":2},"f":{},"b":{},"_coverageSchema":"1a1c01bbd47fc00a2c39e90264f33305004495a9","hash":"dc2e2514169d43a54dea21143c2c55390a3176e3"}
}
