TN:
SF:functions/src/handlers/users/addUsersThroughChannel/addNewUserThroughChannel/addUserChannelFunction.js
FN:11,addUserChannelFunction
FNF:1
FNH:1
FNDA:4,addUserChannelFunction
DA:10,1
DA:12,4
DA:15,4
DA:16,4
DA:17,3
DA:20,3
DA:21,3
DA:24,3
DA:25,3
DA:27,2
DA:28,2
DA:29,1
DA:30,1
DA:31,1
DA:33,1
DA:44,1
LF:16
LH:16
BRDA:16,0,0,3
BRDA:16,0,1,1
BRDA:25,1,0,2
BRDA:25,1,1,1
BRDA:28,2,0,1
BRDA:28,2,1,1
BRF:6
BRH:6
end_of_record
TN:
SF:functions/src/handlers/users/addUsersThroughChannel/usersInChannels/main1.js
FN:10,main1
FN:17,(anonymous_1)
FN:26,(anonymous_2)
FN:28,(anonymous_3)
FN:28,(anonymous_4)
FNF:5
FNH:5
FNDA:2,main1
FNDA:2,(anonymous_1)
FNDA:2,(anonymous_2)
FNDA:2,(anonymous_3)
FNDA:2,(anonymous_4)
DA:7,1
DA:9,1
DA:11,2
DA:12,2
DA:13,2
DA:14,2
DA:15,2
DA:17,2
DA:18,2
DA:21,2
DA:23,2
DA:25,2
DA:27,2
DA:28,2
LF:14
LH:14
BRF:0
BRH:0
end_of_record
TN:
SF:functions/src/handlers/users/addingAllUsers/main3.js
FN:11,getAllUsersFromSlack
FN:17,main3
FN:21,(anonymous_2)
FN:65,(anonymous_3)
FN:67,(anonymous_4)
FN:67,(anonymous_5)
FNF:6
FNH:6
FNDA:4,getAllUsersFromSlack
FNDA:4,main3
FNDA:6,(anonymous_2)
FNDA:6,(anonymous_3)
FNDA:6,(anonymous_4)
FNDA:6,(anonymous_5)
DA:9,1
DA:12,4
DA:15,4
DA:18,4
DA:19,4
DA:20,4
DA:21,6
DA:22,6
DA:24,6
DA:26,6
DA:27,5
DA:29,5
DA:30,4
DA:31,4
DA:35,4
DA:36,4
DA:37,2
DA:38,2
DA:40,2
DA:43,2
DA:54,2
DA:56,2
DA:61,6
DA:64,4
DA:66,6
DA:67,6
LF:26
LH:26
BRDA:26,0,0,5
BRDA:26,0,1,1
BRDA:29,1,0,4
BRDA:29,1,1,1
BRDA:36,2,0,2
BRDA:36,2,1,2
BRF:6
BRH:6
end_of_record
TN:
SF:functions/src/handlers/users/removedUserChannel/removeMain.js
FN:6,toDeactivate
FN:19,removeMain
FNF:2
FNH:2
FNDA:1,toDeactivate
FNDA:2,removeMain
DA:7,1
DA:9,1
DA:16,1
DA:20,2
DA:21,2
DA:24,2
DA:25,2
DA:26,1
DA:29,1
LF:9
LH:9
BRDA:25,0,0,1
BRDA:25,0,1,1
BRF:2
BRH:2
end_of_record
TN:
SF:functions/src/queries/config.js
FNF:0
FNH:0
DA:1,15
DA:9,15
DA:17,15
LF:3
LH:3
BRF:0
BRH:0
end_of_record
TN:
SF:functions/src/queries/users.js
FNF:0
FNH:0
DA:1,16
DA:13,16
DA:25,16
LF:3
LH:3
BRF:0
BRH:0
end_of_record
TN:
SF:functions/src/utils/helper.js
FN:21,(anonymous_0)
FN:64,successMessage
FN:72,toAddData
FN:89,getAllUserFromChannel
FN:96,isSyncRestricted
FN:107,memberNotPresentInDB
FN:120,setRegion
FN:127,toGetDomain
FN:140,toValidateDomain
FN:151,validMail
FN:157,toGetChannel
FN:169,getAllUserInfo
FNF:12
FNH:12
FNDA:5,(anonymous_0)
FNDA:6,successMessage
FNDA:4,toAddData
FNDA:4,getAllUserFromChannel
FNDA:6,isSyncRestricted
FNDA:2,memberNotPresentInDB
FNDA:4,setRegion
FNDA:8,toGetDomain
FNDA:4,toValidateDomain
FNDA:4,validMail
FNDA:4,toGetChannel
FNDA:4,getAllUserInfo
DA:16,15
DA:19,15
DA:21,15
DA:22,5
DA:29,5
DA:56,5
DA:57,5
DA:58,4
DA:60,1
DA:65,6
DA:66,6
DA:67,6
DA:73,4
DA:74,4
DA:80,2
DA:81,2
DA:82,2
DA:83,2
DA:84,2
DA:85,2
DA:86,2
DA:90,4
DA:97,6
DA:98,6
DA:104,2
DA:108,2
DA:109,2
DA:117,2
DA:121,4
DA:122,2
DA:124,2
DA:128,8
DA:130,8
DA:136,6
DA:137,6
DA:141,4
DA:142,4
DA:144,4
DA:145,4
DA:146,4
DA:147,4
DA:148,4
DA:152,4
DA:158,4
DA:160,4
DA:166,2
DA:170,4
LF:47
LH:47
BRDA:121,0,0,2
BRDA:121,0,1,2
BRF:2
BRH:2
end_of_record
TN:
SF:functions/src/utils/synSQSinit.js
FNF:0
FNH:0
DA:3,12
LF:1
LH:1
BRF:0
BRH:0
end_of_record
